<?xml version="1.0" encoding="UTF-8"?>
<!-- Generated by org.testng.reporters.JUnitReportReporter -->
<testsuite hostname="Sarfaraj_Doni" name="courses.BowhunterEd.CommonCases" tests="1" failures="0" timestamp="30 Dec 2016 11:13:51 GMT" time="167.380" errors="0">
  <testcase name="Header_UIElementVarification" time="167.380" classname="courses.BowhunterEd.CommonCases"/>
</testsuite> <!-- courses.BowhunterEd.CommonCases -->
