<?xml version="1.0" encoding="UTF-8"?>
<!-- Generated by org.testng.reporters.JUnitReportReporter -->
<testsuite hostname="Sarfaraj_Doni" name="courses.BoatEd.TennesseeTest" tests="5" failures="0" timestamp="2 Jan 2017 16:27:04 GMT" time="1123.639" errors="0">
  <testcase name="TN_VerifyFeeAndTaxes" time="348.997" classname="courses.BoatEd.TennesseeTest"/>
  <testcase name="TN_VerifyAgencyName" time="113.767" classname="courses.BoatEd.TennesseeTest"/>
  <testcase name="TN_Stds_Req_International_Address" time="332.200" classname="courses.BoatEd.TennesseeTest"/>
  <testcase name="TN_Stds_Req_AgeLimit" time="201.995" classname="courses.BoatEd.TennesseeTest"/>
  <testcase name="TN_Navigate_To_StudyGuide_Page" time="126.680" classname="courses.BoatEd.TennesseeTest"/>
</testsuite> <!-- courses.BoatEd.TennesseeTest -->
