<?xml version="1.0" encoding="UTF-8"?>
<!-- Generated by org.testng.reporters.JUnitReportReporter -->
<testsuite hostname="Sarfaraj_Doni" name="courses.SnowmobileEd.ExamTest" tests="3" failures="0" timestamp="28 Feb 2017 10:13:30 GMT" time="1700.031" errors="0">
  <testcase name="FinalExam_MaxAttemptIL" time="565.305" classname="courses.SnowmobileEd.ExamTest"/>
  <testcase name="FinalExam_MaxAttemptAR" time="599.025" classname="courses.SnowmobileEd.ExamTest"/>
  <testcase name="FinalExam_MaxAttemptAL" time="535.701" classname="courses.SnowmobileEd.ExamTest"/>
</testsuite> <!-- courses.SnowmobileEd.ExamTest -->
