<?xml version="1.0" encoding="UTF-8"?>
<!-- Generated by org.testng.reporters.JUnitReportReporter -->
<testsuite hostname="Sarfaraj_Doni" name="courses.HunterEd.ProfileTest" tests="1" failures="0" timestamp="14 Feb 2017 10:08:50 GMT" time="454.655" errors="0">
  <testcase name="ProfileEdit" time="454.655" classname="courses.HunterEd.ProfileTest"/>
</testsuite> <!-- courses.HunterEd.ProfileTest -->
