<?xml version="1.0" encoding="UTF-8"?>
<!-- Generated by org.testng.reporters.JUnitReportReporter -->
<testsuite hostname="Sarfaraj_Doni" name="courses.OffroadEd.LoginForgotPasswordTest" tests="3" failures="0" timestamp="19 Dec 2016 07:13:31 GMT" time="316.588" errors="0">
  <testcase name="Login_RestrictedPages" time="109.263" classname="courses.OffroadEd.LoginForgotPasswordTest"/>
  <testcase name="Login_LoginFailure_BlankInputs" time="102.211" classname="courses.OffroadEd.LoginForgotPasswordTest"/>
  <testcase name="Login_UIElementVerification" time="105.114" classname="courses.OffroadEd.LoginForgotPasswordTest"/>
</testsuite> <!-- courses.OffroadEd.LoginForgotPasswordTest -->
