<?xml version="1.0" encoding="UTF-8"?>
<!-- Generated by org.testng.reporters.JUnitReportReporter -->
<testsuite hostname="Sarfaraj_Doni" name="products.CM.ILMCOrderReplacementTest" tests="1" failures="0" timestamp="5 Jan 2017 17:28:11 GMT" time="124.136" errors="0">
  <testcase name="OrderDetailsCM" time="124.136" classname="products.CM.ILMCOrderReplacementTest"/>
</testsuite> <!-- products.CM.ILMCOrderReplacementTest -->
