<?xml version="1.0" encoding="UTF-8"?>
<!-- Generated by org.testng.reporters.JUnitReportReporter -->
<testsuite hostname="Sarfaraj_Doni" name="courses.HunterEd.PaymentCodeTest" tests="2" failures="0" timestamp="8 Dec 2016 05:34:05 GMT" time="861.747" errors="0">
  <testcase name="PaymentCode_Type_Pass" time="445.651" classname="courses.HunterEd.PaymentCodeTest"/>
  <testcase name="PaymentCode_Type_Percentage" time="416.096" classname="courses.HunterEd.PaymentCodeTest"/>
</testsuite> <!-- courses.HunterEd.PaymentCodeTest -->
