<?xml version="1.0" encoding="UTF-8"?>
<!-- Generated by org.testng.reporters.JUnitReportReporter -->
<testsuite hostname="Sarfaraj_Doni" name="products.CM.ReportTest" tests="1" failures="0" timestamp="17 Jan 2017 07:29:49 GMT" time="63.935" errors="0">
  <testcase name="RedirectReportsPage" time="63.935" classname="products.CM.ReportTest"/>
</testsuite> <!-- products.CM.ReportTest -->
