<?xml version="1.0" encoding="UTF-8"?>
<!-- Generated by org.testng.reporters.JUnitReportReporter -->
<testsuite hostname="Sarfaraj_Doni" name="courses.HunterEd.Testing" tests="1" failures="0" timestamp="6 Feb 2017 06:58:47 GMT" time="637.323" errors="0">
  <testcase name="FinalExam_MaxAttemptIL" time="637.323" classname="courses.HunterEd.Testing"/>
</testsuite> <!-- courses.HunterEd.Testing -->
