<?xml version="1.0" encoding="UTF-8"?>
<!-- Generated by org.testng.reporters.JUnitReportReporter -->
<testsuite hostname="Sarfaraj_Doni" name="products.CM.CommonCasesTest" tests="1" failures="0" timestamp="5 Jan 2017 17:28:11 GMT" time="117.076" errors="0">
  <testcase name="HomePageNavigation" time="117.076" classname="products.CM.CommonCasesTest"/>
</testsuite> <!-- products.CM.CommonCasesTest -->
