<?xml version="1.0" encoding="UTF-8"?>
<!-- Generated by org.testng.reporters.JUnitReportReporter -->
<testsuite hostname="Sarfaraj_Doni" name="courses.BoatEd.ProfileTest" tests="12" failures="0" timestamp="2 Jan 2017 16:27:04 GMT" time="2159.939" errors="0">
  <testcase name="Profile_ValidationMessageForInvalidZip" time="173.204" classname="courses.BoatEd.ProfileTest"/>
  <testcase name="Profile_YourBoaEdAccountSection" time="165.617" classname="courses.BoatEd.ProfileTest"/>
  <testcase name="Profile_CountryDropdown_Values" time="192.285" classname="courses.BoatEd.ProfileTest"/>
  <testcase name="Profile_ValidationMessageForInvalidPhone" time="156.959" classname="courses.BoatEd.ProfileTest"/>
  <testcase name="Profile_ResetPassword" time="207.002" classname="courses.BoatEd.ProfileTest"/>
  <testcase name="Profile_HideUnhidePhysicalAddress" time="197.115" classname="courses.BoatEd.ProfileTest"/>
  <testcase name="Profile_ValidationMessageForInvalidEmail" time="175.413" classname="courses.BoatEd.ProfileTest"/>
  <testcase name="Profile_RegionLocalityFieldLabelChange" time="173.767" classname="courses.BoatEd.ProfileTest"/>
  <testcase name="Profile_Edit1" time="193.798" classname="courses.BoatEd.ProfileTest"/>
  <testcase name="Profile_Edit2" time="199.970" classname="courses.BoatEd.ProfileTest"/>
  <testcase name="Profile_UIElementVerification" time="161.448" classname="courses.BoatEd.ProfileTest"/>
  <testcase name="Profile_DefaultValues" time="163.361" classname="courses.BoatEd.ProfileTest"/>
</testsuite> <!-- courses.BoatEd.ProfileTest -->
