<?xml version="1.0" encoding="UTF-8"?>
<!-- Generated by org.testng.reporters.JUnitReportReporter -->
<testsuite hostname="Sarfaraj_Doni" name="products.CM.OrderSummaryTest" tests="2" failures="0" timestamp="5 Jan 2017 17:28:11 GMT" time="171.004" errors="0">
  <testcase name="OrderConfirmationScreen" time="85.505" classname="products.CM.OrderSummaryTest"/>
  <testcase name="OrderDetails" time="85.499" classname="products.CM.OrderSummaryTest"/>
</testsuite> <!-- products.CM.OrderSummaryTest -->
