<?xml version="1.0" encoding="UTF-8"?>
<!-- Generated by org.testng.reporters.JUnitReportReporter -->
<testsuite hostname="Sarfaraj_Doni" name="products.CM.ILMCCertificationTest" tests="1" failures="0" timestamp="9 Jan 2017 06:34:53 GMT" time="139.021" errors="0">
  <testcase name="MultiplePA" time="139.021" classname="products.CM.ILMCCertificationTest"/>
</testsuite> <!-- products.CM.ILMCCertificationTest -->
