<?xml version="1.0" encoding="UTF-8"?>
<!-- Generated by org.testng.reporters.JUnitReportReporter -->
<testsuite hostname="Sarfaraj_Doni" name="courses.HunterEd.RegistrationNewTest" tests="2" failures="0" timestamp="23 Feb 2017 14:09:57 GMT" time="311.098" errors="0">
  <testcase name="Registration_ValidationMessageForMandatoryFields" time="150.786" classname="courses.HunterEd.RegistrationNewTest"/>
  <testcase name="Registration_ValidationMessageForChooseUsername2" time="160.312" classname="courses.HunterEd.RegistrationNewTest"/>
</testsuite> <!-- courses.HunterEd.RegistrationNewTest -->
