<?xml version="1.0" encoding="UTF-8"?>
<!-- Generated by org.testng.reporters.JUnitReportReporter -->
<testsuite hostname="Sarfaraj_Doni" name="courses.BowhunterEd.ProfileTest" tests="1" failures="0" timestamp="23 Feb 2017 09:35:43 GMT" time="239.207" errors="0">
  <testcase name="Profile_ValidationMessageForMandatoryFields" time="239.207" classname="courses.BowhunterEd.ProfileTest"/>
</testsuite> <!-- courses.BowhunterEd.ProfileTest -->
