<?xml version="1.0" encoding="UTF-8"?>
<!-- Generated by org.testng.reporters.JUnitReportReporter -->
<testsuite hostname="Sarfaraj_Doni" name="courses.BowhunterEd.CourseContentsAndQuizzesTest" tests="3" failures="0" timestamp="23 Feb 2017 09:35:43 GMT" time="1144.828" errors="0">
  <testcase name="Contents_ResumeLinkWorkingAsExpected" time="298.446" classname="courses.BowhunterEd.CourseContentsAndQuizzesTest"/>
  <testcase name="Video_Transcript_BW" time="447.966" classname="courses.BowhunterEd.CourseContentsAndQuizzesTest"/>
  <testcase name="Contents_NavigateNextPreviousPages" time="398.416" classname="courses.BowhunterEd.CourseContentsAndQuizzesTest"/>
</testsuite> <!-- courses.BowhunterEd.CourseContentsAndQuizzesTest -->
