<?xml version="1.0" encoding="UTF-8"?>
<!-- Generated by org.testng.reporters.JUnitReportReporter -->
<testsuite hostname="Sarfaraj_Doni" name="courses.HunterEd.StudyGuideTest" tests="1" failures="0" timestamp="23 Feb 2017 14:09:57 GMT" time="189.610" errors="0">
  <testcase name="StudyGuide_Content_Verification" time="189.610" classname="courses.HunterEd.StudyGuideTest"/>
</testsuite> <!-- courses.HunterEd.StudyGuideTest -->
