<?xml version="1.0" encoding="UTF-8"?>
<!-- Generated by org.testng.reporters.JUnitReportReporter -->
<testsuite hostname="Sarfaraj_Doni" name="courses.HunterEd.CommonCases" tests="5" failures="0" timestamp="3 Feb 2017 08:46:00 GMT" time="601.922" errors="1">
  <testcase name="OROnlyForUS" time="186.556" classname="courses.HunterEd.CommonCases"/>
  <testcase name="Home_UIElementVerification" time="119.635" classname="courses.HunterEd.CommonCases"/>
  <testcase name="State_Home_UIElementVerification" time="38.015" classname="courses.HunterEd.CommonCases"/>
  <testcase name="TrushPilotReview" time="79.420" classname="courses.HunterEd.CommonCases">
    <error type="java.lang.AssertionError" message="null">
      <![CDATA[java.lang.AssertionError: null
	at org.testng.Assert.fail(Assert.java:94)
	at org.testng.Assert.fail(Assert.java:101)
	at courses.HunterEd.CommonCases.TrushPilotReview(CommonCases.java:2027)
	at sun.reflect.NativeMethodAccessorImpl.invoke0(Native Method)
	at sun.reflect.NativeMethodAccessorImpl.invoke(NativeMethodAccessorImpl.java:57)
	at sun.reflect.DelegatingMethodAccessorImpl.invoke(DelegatingMethodAccessorImpl.java:43)
	at java.lang.reflect.Method.invoke(Method.java:606)
	at org.testng.internal.MethodInvocationHelper.invokeMethod(MethodInvocationHelper.java:84)
	at org.testng.internal.Invoker.invokeMethod(Invoker.java:714)
	at org.testng.internal.Invoker.invokeTestMethod(Invoker.java:901)
	at org.testng.internal.Invoker.invokeTestMethods(Invoker.java:1231)
	at org.testng.internal.TestMethodWorker.invokeTestMethods(TestMethodWorker.java:127)
	at org.testng.internal.TestMethodWorker.run(TestMethodWorker.java:111)
	at java.util.concurrent.ThreadPoolExecutor.runWorker(ThreadPoolExecutor.java:1145)
	at java.util.concurrent.ThreadPoolExecutor$Worker.run(ThreadPoolExecutor.java:615)
	at java.lang.Thread.run(Thread.java:745)
]]>
    </error>
  </testcase> <!-- TrushPilotReview -->
  <testcase name="Footer_UIElementVarification" time="178.296" classname="courses.HunterEd.CommonCases"/>
</testsuite> <!-- courses.HunterEd.CommonCases -->
