<?xml version="1.0" encoding="UTF-8"?>
<!-- Generated by org.testng.reporters.JUnitReportReporter -->
<testsuite hostname="Sarfaraj_Doni" name="courses.BoatEd.HandbookTest" tests="1" failures="0" timestamp="3 Jan 2017 07:22:52 GMT" time="54.176" errors="0">
  <testcase name="BuyHandbook" time="54.176" classname="courses.BoatEd.HandbookTest"/>
</testsuite> <!-- courses.BoatEd.HandbookTest -->
