<?xml version="1.0" encoding="UTF-8"?>
<!-- Generated by org.testng.reporters.JUnitReportReporter -->
<testsuite hostname="Sarfaraj_Doni" name="products.EM.LoginTest" tests="3" failures="0" timestamp="3 Mar 2017 12:29:30 GMT" time="150.512" errors="0">
  <testcase name="Login_LoginFailure_BlankInputs" time="48.355" classname="products.EM.LoginTest"/>
  <testcase name="Login_LoginFailure_InvalidPass" time="58.940" classname="products.EM.LoginTest"/>
  <testcase name="Login_LoginFailure_InvalidEmail" time="43.217" classname="products.EM.LoginTest"/>
</testsuite> <!-- products.EM.LoginTest -->
