<?xml version="1.0" encoding="UTF-8"?>
<!-- Generated by org.testng.reporters.JUnitReportReporter -->
<testsuite hostname="Sarfaraj_Doni" name="products.CM.EditCertificationTest" tests="1" failures="0" timestamp="6 Jan 2017 12:57:51 GMT" time="86.460" errors="0">
  <testcase name="UserAbletoeditCertification" time="86.460" classname="products.CM.EditCertificationTest"/>
</testsuite> <!-- products.CM.EditCertificationTest -->
