<?xml version="1.0" encoding="UTF-8"?>
<!-- Generated by org.testng.reporters.JUnitReportReporter -->
<testsuite hostname="Sarfaraj_Doni" name="courses.SnowmobileEd.ProfileTest" tests="1" failures="0" timestamp="6 Feb 2017 09:36:20 GMT" time="229.028" errors="0">
  <testcase name="Profile_DefaultValues" time="229.028" classname="courses.SnowmobileEd.ProfileTest"/>
</testsuite> <!-- courses.SnowmobileEd.ProfileTest -->
