<?xml version="1.0" encoding="UTF-8"?>
<!-- Generated by org.testng.reporters.JUnitReportReporter -->
<testsuite hostname="Sarfaraj_Doni" name="products.EM.ReportTest" tests="3" failures="0" timestamp="3 Mar 2017 12:29:30 GMT" time="309.418" errors="0">
  <testcase name="StudentDemographicsSummaryWithGender" time="107.160" classname="products.EM.ReportTest"/>
  <testcase name="InstructorAuditReport_InstructorDetails" time="102.375" classname="products.EM.ReportTest"/>
  <testcase name="WaitListeeReports" time="99.883" classname="products.EM.ReportTest"/>
</testsuite> <!-- products.EM.ReportTest -->
