<?xml version="1.0" encoding="UTF-8"?>
<!-- Generated by org.testng.reporters.JUnitReportReporter -->
<testsuite hostname="Sarfaraj_Doni" name="courses.BowhunterEd.UntimedCourseTest" tests="1" failures="0" timestamp="7 Feb 2017 12:17:50 GMT" time="412.743" errors="0">
  <testcase name="Untimed_AccessTopicRandomly" time="412.743" classname="courses.BowhunterEd.UntimedCourseTest"/>
</testsuite> <!-- courses.BowhunterEd.UntimedCourseTest -->
