<?xml version="1.0" encoding="UTF-8"?>
<!-- Generated by org.testng.reporters.JUnitReportReporter -->
<testsuite hostname="Sarfaraj_Doni" name="courses.SnowmobileEd.CourseContentsAndQuizzesTest" tests="9" failures="0" timestamp="28 Feb 2017 10:13:30 GMT" time="2952.842" errors="0">
  <testcase name="Contents_ResumeLinkWorkingAsExpected" time="340.473" classname="courses.SnowmobileEd.CourseContentsAndQuizzesTest"/>
  <testcase name="Contents_TimedCourseVerification" time="306.147" classname="courses.SnowmobileEd.CourseContentsAndQuizzesTest"/>
  <testcase name="Contents_NextButton_Timer_Tooltip" time="316.803" classname="courses.SnowmobileEd.CourseContentsAndQuizzesTest"/>
  <testcase name="Contents_ContinueLeftOffButtonWorkingAsExpected" time="368.587" classname="courses.SnowmobileEd.CourseContentsAndQuizzesTest"/>
  <testcase name="Contents_NavigateNextPreviousPages" time="339.330" classname="courses.SnowmobileEd.CourseContentsAndQuizzesTest"/>
  <testcase name="Contents_VerifyUnitTopicPageNumber" time="332.323" classname="courses.SnowmobileEd.CourseContentsAndQuizzesTest"/>
  <testcase name="Contents_ContentVerification" time="301.953" classname="courses.SnowmobileEd.CourseContentsAndQuizzesTest"/>
  <testcase name="Video_Transcript_SM" time="303.959" classname="courses.SnowmobileEd.CourseContentsAndQuizzesTest"/>
  <testcase name="Contents_course_outline" time="343.267" classname="courses.SnowmobileEd.CourseContentsAndQuizzesTest"/>
</testsuite> <!-- courses.SnowmobileEd.CourseContentsAndQuizzesTest -->
