<?xml version="1.0" encoding="UTF-8"?>
<!-- Generated by org.testng.reporters.JUnitReportReporter -->
<testsuite hostname="Sarfaraj_Doni" name="products.CM.ManageSearchCertifications" tests="1" failures="0" timestamp="17 Jan 2017 07:29:49 GMT" time="81.029" errors="0">
  <testcase name="Search_With_Name_City_DOB" time="81.029" classname="products.CM.ManageSearchCertifications"/>
</testsuite> <!-- products.CM.ManageSearchCertifications -->
