<?xml version="1.0" encoding="UTF-8"?>
<!-- Generated by org.testng.reporters.JUnitReportReporter -->
<testsuite hostname="Sarfaraj_Doni" name="courses.HunterEd.DashboardTest" tests="1" failures="0" timestamp="23 Feb 2017 14:09:57 GMT" time="452.122" errors="0">
  <testcase name="Dashboard_ReLogin" time="452.122" classname="courses.HunterEd.DashboardTest"/>
</testsuite> <!-- courses.HunterEd.DashboardTest -->
