<?xml version="1.0" encoding="UTF-8"?>
<!-- Generated by org.testng.reporters.JUnitReportReporter -->
<testsuite hostname="Sarfaraj_Doni" name="products.CM.ILMCCommonTest" tests="2" failures="0" timestamp="5 Jan 2017 17:28:11 GMT" time="273.025" errors="0">
  <testcase name="VerifyReceiptEdit" time="150.963" classname="products.CM.ILMCCommonTest"/>
  <testcase name="ClickLogoReturnHome" time="122.062" classname="products.CM.ILMCCommonTest"/>
</testsuite> <!-- products.CM.ILMCCommonTest -->
