<?xml version="1.0" encoding="UTF-8"?>
<!-- Generated by org.testng.reporters.JUnitReportReporter -->
<testsuite hostname="Sarfaraj_Doni" name="products.CM.CreateCertificationTest" tests="1" failures="0" timestamp="17 Jan 2017 07:29:49 GMT" time="130.296" errors="0">
  <testcase name="ReviewDuplicateCertificate" time="130.296" classname="products.CM.CreateCertificationTest"/>
</testsuite> <!-- products.CM.CreateCertificationTest -->
