<?xml version="1.0" encoding="UTF-8"?>
<!-- Generated by org.testng.reporters.JUnitReportReporter -->
<testsuite hostname="Sarfaraj_Doni" name="products.CM.ILMCStatefieldChanges" tests="1" failures="0" timestamp="5 Jan 2017 17:28:11 GMT" time="86.104" errors="0">
  <testcase name="State_field_stays_editable" time="86.104" classname="products.CM.ILMCStatefieldChanges"/>
</testsuite> <!-- products.CM.ILMCStatefieldChanges -->
