<?xml version="1.0" encoding="UTF-8"?>
<!-- Generated by org.testng.reporters.JUnitReportReporter -->
<testsuite hostname="Sarfaraj_Doni" name="courses.BowhunterEd.DashboardTest" tests="1" failures="0" timestamp="23 Feb 2017 09:35:43 GMT" time="313.833" errors="0">
  <testcase name="Dashboard_ReLogin" time="313.833" classname="courses.BowhunterEd.DashboardTest"/>
</testsuite> <!-- courses.BowhunterEd.DashboardTest -->
