<?xml version="1.0" encoding="UTF-8"?>
<!-- Generated by org.testng.reporters.JUnitReportReporter -->
<testsuite hostname="Sarfaraj_Doni" name="products.CM.ManageAgencyTest" tests="2" failures="0" timestamp="17 Jan 2017 07:29:49 GMT" time="343.390" errors="0">
  <testcase name="VerifygencyLinkForNonKalUserk" time="79.735" classname="products.CM.ManageAgencyTest"/>
  <testcase name="VerifyUrlSublink" time="263.655" classname="products.CM.ManageAgencyTest"/>
</testsuite> <!-- products.CM.ManageAgencyTest -->
