<?xml version="1.0" encoding="UTF-8"?>
<!-- Generated by org.testng.reporters.JUnitReportReporter -->
<testsuite hostname="Sarfaraj_Doni" name="products.CM.RolesPermissionsTest" tests="1" failures="0" timestamp="17 Jan 2017 08:32:34 GMT" time="367.440" errors="0">
  <testcase name="VerifyPermissionCanCreateCertifications" time="367.440" classname="products.CM.RolesPermissionsTest"/>
</testsuite> <!-- products.CM.RolesPermissionsTest -->
