<?xml version="1.0" encoding="UTF-8"?>
<!-- Generated by org.testng.reporters.JUnitReportReporter -->
<testsuite hostname="Sarfaraj_Doni" name="courses.BowhunterEd.RegistrationTest" tests="2" failures="0" timestamp="7 Feb 2017 12:17:50 GMT" time="465.374" errors="0">
  <testcase name="Registration_MimAgeValidation" time="256.156" classname="courses.BowhunterEd.RegistrationTest"/>
  <testcase name="Registration_ResidencyRequirement" time="209.218" classname="courses.BowhunterEd.RegistrationTest"/>
</testsuite> <!-- courses.BowhunterEd.RegistrationTest -->
