<?xml version="1.0" encoding="UTF-8"?>
<!-- Generated by org.testng.reporters.JUnitReportReporter -->
<testsuite hostname="Sarfaraj_Doni" name="courses.HunterEd.ExamTest" tests="1" failures="0" timestamp="6 Feb 2017 07:17:51 GMT" time="650.561" errors="0">
  <testcase name="FinalExam_MaxAttemptIL" time="650.561" classname="courses.HunterEd.ExamTest"/>
</testsuite> <!-- courses.HunterEd.ExamTest -->
