<?xml version="1.0" encoding="UTF-8"?>
<!-- Generated by org.testng.reporters.JUnitReportReporter -->
<testsuite hostname="Sarfaraj_Doni" name="courses.HunterEd.UntimedCourseTest" tests="1" failures="0" timestamp="3 Feb 2017 08:46:00 GMT" time="235.630" errors="0">
  <testcase name="Untimed_TimerNotDisplayed" time="235.630" classname="courses.HunterEd.UntimedCourseTest"/>
</testsuite> <!-- courses.HunterEd.UntimedCourseTest -->
