<?xml version="1.0" encoding="UTF-8"?>
<!-- Generated by org.testng.reporters.JUnitReportReporter -->
<testsuite hostname="Sarfaraj_Doni" name="products.CM.CreateNewUserTest" tests="2" failures="0" timestamp="5 Jan 2017 17:28:11 GMT" time="463.665" errors="0">
  <testcase name="AbletoCreatenewUser" time="173.294" classname="products.CM.CreateNewUserTest"/>
  <testcase name="DisableUsers" time="290.371" classname="products.CM.CreateNewUserTest"/>
</testsuite> <!-- products.CM.CreateNewUserTest -->
