<?xml version="1.0" encoding="UTF-8"?>
<!-- Generated by org.testng.reporters.JUnitReportReporter -->
<testsuite hostname="Sarfaraj_Doni" name="courses.SnowmobileEd.DashboardTest" tests="1" failures="0" timestamp="28 Feb 2017 10:13:30 GMT" time="379.859" errors="0">
  <testcase name="Dashboard_ReLogin" time="379.859" classname="courses.SnowmobileEd.DashboardTest"/>
</testsuite> <!-- courses.SnowmobileEd.DashboardTest -->
