<?xml version="1.0" encoding="UTF-8"?>
<!-- Generated by org.testng.reporters.JUnitReportReporter -->
<testsuite hostname="Sarfaraj_Doni" name="courses.HunterEd.CourseContentsAndQuizzesTest" tests="4" failures="0" timestamp="23 Feb 2017 14:09:57 GMT" time="1602.148" errors="0">
  <testcase name="Video_Transcript_HT" time="512.660" classname="courses.HunterEd.CourseContentsAndQuizzesTest"/>
  <testcase name="Contents_ContinueLeftOffButtonWorkingAsExpected" time="351.844" classname="courses.HunterEd.CourseContentsAndQuizzesTest"/>
  <testcase name="Contents_NavigateNextPreviousPages" time="313.823" classname="courses.HunterEd.CourseContentsAndQuizzesTest"/>
  <testcase name="Contents_ResumeLinkWorkingAsExpected" time="423.821" classname="courses.HunterEd.CourseContentsAndQuizzesTest"/>
</testsuite> <!-- courses.HunterEd.CourseContentsAndQuizzesTest -->
