<?xml version="1.0" encoding="UTF-8"?>
<!-- Generated by org.testng.reporters.JUnitReportReporter -->
<testsuite hostname="Sarfaraj_Doni" name="products.CM.BypassPaymentTest" tests="4" failures="0" timestamp="5 Jan 2017 17:28:11 GMT" time="720.875" errors="0">
  <testcase name="BypassButton" time="160.825" classname="products.CM.BypassPaymentTest"/>
  <testcase name="RedirectBypassPage" time="173.304" classname="products.CM.BypassPaymentTest"/>
  <testcase name="SelectReason" time="192.588" classname="products.CM.BypassPaymentTest"/>
  <testcase name="UI_BypassConfirmation" time="194.158" classname="products.CM.BypassPaymentTest"/>
</testsuite> <!-- products.CM.BypassPaymentTest -->
