<?xml version="1.0" encoding="UTF-8"?>
<!-- Generated by org.testng.reporters.JUnitReportReporter -->
<testsuite hostname="Sarfaraj_Doni" name="products.EM.EventListingTest" tests="1" failures="0" timestamp="8 Mar 2017 13:41:03 GMT" time="94.915" errors="0">
  <testcase name="VerifyEventDetails" time="94.915" classname="products.EM.EventListingTest"/>
</testsuite> <!-- products.EM.EventListingTest -->
