<?xml version="1.0" encoding="UTF-8"?>
<!-- Generated by org.testng.reporters.JUnitReportReporter -->
<testsuite hostname="Sarfaraj_Doni" name="products.EM.RegisterEdGeneralTest" tests="2" failures="0" timestamp="7 Mar 2017 13:33:53 GMT" time="261.902" errors="0">
  <testcase name="ViewRSSFeed" time="187.729" classname="products.EM.RegisterEdGeneralTest"/>
  <testcase name="NC_USOnly" time="74.173" classname="products.EM.RegisterEdGeneralTest"/>
</testsuite> <!-- products.EM.RegisterEdGeneralTest -->
