<?xml version="1.0" encoding="UTF-8"?>
<!-- Generated by org.testng.reporters.JUnitReportReporter -->
<testsuite hostname="Sarfaraj_Doni" name="products.CM.ILMCOrderConfirmationTest" tests="1" failures="0" timestamp="5 Jan 2017 17:28:11 GMT" time="102.533" errors="0">
  <testcase name="AddressChangeAfterPayment" time="102.533" classname="products.CM.ILMCOrderConfirmationTest"/>
</testsuite> <!-- products.CM.ILMCOrderConfirmationTest -->
