<?xml version="1.0" encoding="UTF-8"?>
<!-- Generated by org.testng.reporters.JUnitReportReporter -->
<testsuite hostname="Sarfaraj_Doni" name="products.EM.SearchTest" tests="4" failures="0" timestamp="3 Mar 2017 12:29:30 GMT" time="545.872" errors="0">
  <testcase name="Fullname_Search" time="191.591" classname="products.EM.SearchTest"/>
  <testcase name="Leading_Space" time="92.826" classname="products.EM.SearchTest"/>
  <testcase name="PlaceHolder_Text" time="128.602" classname="products.EM.SearchTest"/>
  <testcase name="SearchType_Name" time="132.853" classname="products.EM.SearchTest"/>
</testsuite> <!-- products.EM.SearchTest -->
