<?xml version="1.0" encoding="UTF-8"?>
<!-- Generated by org.testng.reporters.JUnitReportReporter -->
<testsuite hostname="Sarfaraj_Doni" name="products.EM.CreateUserTest" tests="1" failures="0" timestamp="9 Mar 2017 09:56:08 GMT" time="169.577" errors="0">
  <testcase name="VerifyPINResetNew" time="169.577" classname="products.EM.CreateUserTest"/>
</testsuite> <!-- products.EM.CreateUserTest -->
