<?xml version="1.0" encoding="UTF-8"?>
<!-- Generated by org.testng.reporters.JUnitReportReporter -->
<testsuite hostname="Sarfaraj_Doni" name="courses.SnowmobileEd.RegistrationTest" tests="1" failures="0" timestamp="6 Feb 2017 09:36:20 GMT" time="205.001" errors="0">
  <testcase name="Registration_MimAgeValidation" time="205.001" classname="courses.SnowmobileEd.RegistrationTest"/>
</testsuite> <!-- courses.SnowmobileEd.RegistrationTest -->
