<?xml version="1.0" encoding="UTF-8"?>
<!-- Generated by org.testng.reporters.JUnitReportReporter -->
<testsuite hostname="DESKTOP-V66B763" name="com.TestScript.TEsting" tests="1" failures="0" timestamp="3 Jan 2018 03:57:21 GMT" time="126.561" errors="0">
  <testcase name="LoginToApplication" time="126.561" classname="com.TestScript.TEsting"/>
</testsuite> <!-- com.TestScript.TEsting -->
