<?xml version="1.0" encoding="UTF-8"?>
<!-- Generated by org.testng.reporters.JUnitReportReporter -->
<testsuite hostname="DESKTOP-V66B763" name="com.TestScript.CategaryTest" tests="1" failures="0" timestamp="6 Jan 2018 03:34:14 GMT" time="119.605" errors="0">
  <testcase name="LoginToApplication" time="119.605" classname="com.TestScript.CategaryTest"/>
</testsuite> <!-- com.TestScript.CategaryTest -->
