<?xml version="1.0" encoding="UTF-8"?>
<!-- Generated by org.testng.reporters.JUnitReportReporter -->
<testsuite hostname="INLT-03350" name="testCases.AccountTestCases.Cls_ValidateSwedishInvoiceReport" tests="1" failures="0" timestamp="4 Jul 2016 04:45:35 GMT" time="97.050" errors="0">
  <testcase name="fn_ValidateSwedishInvoiceReport" time="97.050" classname="testCases.AccountTestCases.Cls_ValidateSwedishInvoiceReport"/>
</testsuite> <!-- testCases.AccountTestCases.Cls_ValidateSwedishInvoiceReport -->
