<?xml version="1.0" encoding="UTF-8"?>
<!-- Generated by org.testng.reporters.JUnitReportReporter -->
<testsuite hostname="INLT-03350" name="testCases.AccountTestCases.Cls_VerifyAdditionofMultipleCouponsAndDiscount" tests="1" failures="0" timestamp="21 Jun 2016 06:24:19 GMT" time="256.853" errors="0">
  <testcase name="VerifyCreditCoupounsandDiscount" time="256.853" classname="testCases.AccountTestCases.Cls_VerifyAdditionofMultipleCouponsAndDiscount"/>
</testsuite> <!-- testCases.AccountTestCases.Cls_VerifyAdditionofMultipleCouponsAndDiscount -->
