<?xml version="1.0" encoding="UTF-8"?>
<!-- Generated by org.testng.reporters.JUnitReportReporter -->
<testsuite hostname="INLT-03350" name="testCases.Reports.Cls_ValidateSwedishInvoiceExtract" tests="1" failures="0" timestamp="1 Jul 2016 06:14:25 GMT" time="120.082" errors="0">
  <testcase name="ValidateSwedishInvoiceExtract" time="120.082" classname="testCases.Reports.Cls_ValidateSwedishInvoiceExtract"/>
</testsuite> <!-- testCases.Reports.Cls_ValidateSwedishInvoiceExtract -->
