<?xml version="1.0" encoding="UTF-8"?>
<!-- Generated by org.testng.reporters.JUnitReportReporter -->
<testsuite hostname="INLT-03350" name="testCases.AccountTestCases.Cls_TerminatePlanAccount" tests="1" failures="0" timestamp="29 Jun 2016 08:37:42 GMT" time="52.017" errors="0">
  <testcase name="fn_TerminatePlanAccount" time="52.017" classname="testCases.AccountTestCases.Cls_TerminatePlanAccount"/>
</testsuite> <!-- testCases.AccountTestCases.Cls_TerminatePlanAccount -->
