<?xml version="1.0" encoding="UTF-8"?>
<!-- Generated by org.testng.reporters.JUnitReportReporter -->
<testsuite hostname="INLT-03350" name="testCases.AccountTestCases.Cls_ValidateVoidPerforms" tests="1" failures="0" timestamp="29 Jun 2016 06:54:25 GMT" time="139.106" errors="0">
  <testcase name="fn_ValidateVoidPerforms" time="139.106" classname="testCases.AccountTestCases.Cls_ValidateVoidPerforms"/>
</testsuite> <!-- testCases.AccountTestCases.Cls_ValidateVoidPerforms -->
